INFO main org.apache.qpid.client.security.DynamicSaslRegistrar - Additional SASL providers successfully registered.
INFO main org.apache.qpid.client.AMQConnection - Connection:amqp://admin:********@client1/test?brokerlist='tcp://192.168.0.54:5672'
INFO main org.apache.qpid.client.protocol.AMQProtocolSession - Using ProtocolVersion for Session:0-10
INFO main org.apache.qpid.client.handler.ClientMethodDispatcherImpl - New Method Dispatcher:AMQProtocolSession[null]
INFO main org.apache.qpid.client.AMQConnection - Connecting with ProtocolHandler Version:0-10
INFO main org.apache.qpid.client.AMQConnection - Connected with ProtocolHandler Version:0-10
INFO main org.apache.qpid.client.AMQSession - Created session:org.apache.qpid.client.AMQSession_0_10@15ad5c6
INFO main org.apache.qpid.client.AMQSession - Prefetching delayed existing messages will not flow until requested via receive*() or setML().
INFO main org.apache.qpid.client.BasicMessageProducer_0_10 - MessageProducer org.apache.qpid.client.BasicMessageProducer_0_10@50a649 using publish mode : ASYNC_PUBLISH_ALL
INFO main org.apache.qpid.client.BasicMessageProducer_0_10 - MessageProducer org.apache.qpid.client.BasicMessageProducer_0_10@1fa6d18 using publish mode : ASYNC_PUBLISH_ALL
INFO main org.apache.qpid.client.AMQSession.Dispatcher - Dispatcher-Channel-0 created
INFO Dispatcher-Channel-0 org.apache.qpid.client.AMQSession.Dispatcher - Dispatcher-Channel-0 started
ERROR main org.robokind.impl.messaging.JMSBytesRecordBlockingReceiver - Request timed out
ERROR main org.robokind.impl.messaging.JMSBytesRecordBlockingReceiver - Request timed out
ERROR main org.robokind.impl.messaging.JMSBytesRecordBlockingReceiver - Request timed out
INFO main org.apache.qpid.client.security.DynamicSaslRegistrar - Additional SASL providers successfully registered.
INFO main org.apache.qpid.client.AMQConnection - Connection:amqp://admin:********@client1/test?brokerlist='tcp://192.168.0.54:5672'
INFO main org.apache.qpid.client.protocol.AMQProtocolSession - Using ProtocolVersion for Session:0-10
INFO main org.apache.qpid.client.handler.ClientMethodDispatcherImpl - New Method Dispatcher:AMQProtocolSession[null]
INFO main org.apache.qpid.client.AMQConnection - Connecting with ProtocolHandler Version:0-10
INFO main org.apache.qpid.client.AMQConnection - Connected with ProtocolHandler Version:0-10
INFO main org.apache.qpid.client.AMQSession - Created session:org.apache.qpid.client.AMQSession_0_10@88e2dd
INFO main org.apache.qpid.client.AMQSession - Prefetching delayed existing messages will not flow until requested via receive*() or setML().
INFO main org.apache.qpid.client.BasicMessageProducer_0_10 - MessageProducer org.apache.qpid.client.BasicMessageProducer_0_10@1efb4be using publish mode : ASYNC_PUBLISH_ALL
INFO main org.apache.qpid.client.BasicMessageProducer_0_10 - MessageProducer org.apache.qpid.client.BasicMessageProducer_0_10@1d8c528 using publish mode : ASYNC_PUBLISH_ALL
INFO main org.apache.qpid.client.AMQSession.Dispatcher - Dispatcher-Channel-0 created
INFO Dispatcher-Channel-0 org.apache.qpid.client.AMQSession.Dispatcher - Dispatcher-Channel-0 started
ERROR main org.robokind.impl.messaging.JMSBytesRecordBlockingReceiver - Request timed out
ERROR main org.robokind.impl.messaging.JMSBytesRecordBlockingReceiver - Request timed out
ERROR main org.robokind.impl.messaging.JMSBytesRecordBlockingReceiver - Request timed out
INFO main org.apache.qpid.client.security.DynamicSaslRegistrar - Additional SASL providers successfully registered.
INFO main org.apache.qpid.client.AMQConnection - Connection:amqp://admin:********@client1/test?brokerlist='tcp://192.168.0.54:5672'
INFO main org.apache.qpid.client.protocol.AMQProtocolSession - Using ProtocolVersion for Session:0-10
INFO main org.apache.qpid.client.handler.ClientMethodDispatcherImpl - New Method Dispatcher:AMQProtocolSession[null]
INFO main org.apache.qpid.client.AMQConnection - Connecting with ProtocolHandler Version:0-10
INFO main org.apache.qpid.client.AMQConnection - Connected with ProtocolHandler Version:0-10
INFO main org.apache.qpid.client.AMQSession - Created session:org.apache.qpid.client.AMQSession_0_10@15ad5c6
INFO main org.apache.qpid.client.AMQSession - Prefetching delayed existing messages will not flow until requested via receive*() or setML().
INFO main org.apache.qpid.client.BasicMessageProducer_0_10 - MessageProducer org.apache.qpid.client.BasicMessageProducer_0_10@50a649 using publish mode : ASYNC_PUBLISH_ALL
INFO main org.apache.qpid.client.BasicMessageProducer_0_10 - MessageProducer org.apache.qpid.client.BasicMessageProducer_0_10@1fa6d18 using publish mode : ASYNC_PUBLISH_ALL
INFO main org.apache.qpid.client.AMQSession.Dispatcher - Dispatcher-Channel-0 created
INFO Dispatcher-Channel-0 org.apache.qpid.client.AMQSession.Dispatcher - Dispatcher-Channel-0 started
ERROR main org.robokind.impl.messaging.JMSBytesRecordBlockingReceiver - Request timed out
ERROR main org.robokind.impl.messaging.JMSBytesRecordBlockingReceiver - Request timed out
ERROR main org.robokind.impl.messaging.JMSBytesRecordBlockingReceiver - Request timed out
